2025-06-09 18:51:02 - INFO - Starting
2025-06-09 18:51:03 - INFO - serial gives nothing
2025-06-09 18:51:03 - INFO - line: '<50,0,0.88,3.50,0.00,0.00,-0.74>'
2025-06-09 18:51:04 - INFO - line: '<55,0,0.88,3.60,0.00,0.00,-0.78>'
2025-06-09 18:51:04 - INFO - line: '<60,0,0.88,3.60,0.00,0.00,-0.78>'
2025-06-09 18:51:05 - INFO - line: '<63,0,0.88,3.53,0.00,0.00,-0.75>'
2025-06-09 18:51:05 - INFO - line: '<64,0,0.88,3.53,0.00,0.00,-0.76>'
2025-06-09 18:51:06 - INFO - line: '<65,0,0.88,3.60,0.00,0.00,-0.78>'
2025-06-09 18:51:06 - INFO - line: '<65,0,0.88,3.57,0.00,0.00,-0.76>'
2025-06-09 18:51:07 - INFO - sendingU; 0.51
2025-06-09 18:51:07 - INFO - sendingU; 0.63
2025-06-09 18:51:07 - INFO - sendingU; 0.76
2025-06-09 18:51:07 - INFO - sendingU; 1.01
2025-06-09 18:51:07 - INFO - sendingU; 1.39
2025-06-09 18:51:07 - INFO - sendingU; 3.54
2025-06-09 18:51:07 - INFO - sendingU; 3.80
2025-06-09 18:51:07 - INFO - sendingU; 3.92
2025-06-09 18:51:07 - INFO - sendingU; 3.92
2025-06-09 18:51:07 - INFO - sendingU; 4.05
2025-06-09 18:51:07 - INFO - sendingU; 4.18
2025-06-09 18:51:07 - INFO - sendingU; 4.30
2025-06-09 18:51:07 - INFO - line: '<67,0,0.88,3.50,0.00,0.00,-0.74>'
2025-06-09 18:51:07 - INFO - sendingU; 4.81
2025-06-09 18:51:07 - INFO - sendingU; 5.06
2025-06-09 18:51:07 - INFO - sendingU; 5.19
2025-06-09 18:51:07 - INFO - sendingU; 5.32
2025-06-09 18:51:07 - INFO - sendingU; 5.82
2025-06-09 18:51:07 - INFO - sendingU; 6.08
2025-06-09 18:51:07 - INFO - sendingU; 6.20
2025-06-09 18:51:07 - INFO - sendingU; 6.33
2025-06-09 18:51:08 - INFO - line: '<1,0,0.88,3.69,3.00,0.10,-0.78>'
2025-06-09 18:51:08 - INFO - sendingU; 6.71
2025-06-09 18:51:08 - INFO - line: '<4,0,0.88,3.69,6.00,0.20,-0.78>'
2025-06-09 18:51:09 - INFO - line: '<4,0,0.88,3.60,6.00,0.20,-0.76>'
2025-06-09 18:51:09 - INFO - line: '<4,0,0.88,3.66,6.00,0.20,-0.78>'
2025-06-09 18:51:10 - INFO - line: '<4,0,0.88,3.69,6.00,0.20,-0.78>'
2025-06-09 18:51:10 - INFO - sendingU; 6.96
2025-06-09 18:51:10 - INFO - sendingU; 7.09
2025-06-09 18:51:10 - INFO - sendingU; 7.22
2025-06-09 18:51:10 - INFO - sendingU; 7.97
2025-06-09 18:51:10 - INFO - sendingU; 8.10
2025-06-09 18:51:10 - INFO - sendingU; 8.23
2025-06-09 18:51:10 - INFO - sendingU; 8.35
2025-06-09 18:51:10 - INFO - sendingU; 8.48
2025-06-09 18:51:10 - INFO - sendingU; 8.61
2025-06-09 18:51:10 - INFO - sendingU; 8.86
2025-06-09 18:51:10 - INFO - sendingU; 8.99
2025-06-09 18:51:10 - INFO - line: '<4,0,0.88,3.63,6.00,0.20,-0.74>'
2025-06-09 18:51:10 - INFO - sendingU; 9.11
2025-06-09 18:51:10 - INFO - sendingU; 9.62
2025-06-09 18:51:10 - INFO - sendingU; 10.89
2025-06-09 18:51:10 - INFO - sendingU; 11.01
2025-06-09 18:51:10 - INFO - sendingU; 11.39
2025-06-09 18:51:10 - INFO - sendingU; 11.52
2025-06-09 18:51:11 - INFO - line: '<4,0,0.88,3.60,8.00,0.27,-0.75>'
2025-06-09 18:51:12 - INFO - serial gives nothing
2025-06-09 18:51:12 - INFO - sendingU; 15.00
2025-06-09 18:51:12 - INFO - line: '<4,0,0.88,3.69,11.52,0.38,-0.78>'
2025-06-09 18:51:13 - INFO - line: '<4,0,0.88,3.72,15.00,0.50,-0.78>'
2025-06-09 18:51:13 - INFO - line: '<4,0,0.88,3.69,15.00,0.50,-0.78>'
2025-06-09 18:51:14 - INFO - line: '<4,0,0.88,3.60,15.00,0.50,-0.75>'
2025-06-09 18:51:14 - INFO - line: '<4,0,0.88,3.72,15.00,0.50,-0.78>'
2025-06-09 18:51:15 - INFO - line: '<4,0,0.88,3.63,15.00,0.50,-0.74>'
2025-06-09 18:51:15 - INFO - line: '<4,0,0.88,3.60,15.00,0.50,-0.75>'
2025-06-09 18:51:16 - INFO - line: '<4,0,0.88,3.72,15.00,0.50,-0.78>'
2025-06-09 18:51:16 - INFO - line: '<4,0,0.88,3.72,15.00,0.50,-0.78>'
2025-06-09 18:51:17 - INFO - line: '<4,0,0.88,3.66,15.00,0.50,-0.76>'
2025-06-09 18:51:17 - INFO - line: '<4,0,0.88,3.60,15.00,0.50,-0.75>'
2025-06-09 18:51:18 - INFO - line: '<4,0,0.88,3.60,15.00,0.50,-0.76>'
2025-06-09 18:51:18 - INFO - sendingU; 30.00
2025-06-09 18:51:18 - INFO - sendingU; 15.00
2025-06-09 18:51:18 - INFO - line: '<4,0,0.88,3.63,15.00,0.50,-0.74>'
2025-06-09 18:51:19 - INFO - line: '<4,0,0.88,3.69,15.00,0.50,-0.78>'
2025-06-09 18:51:19 - INFO - sendingU; 0.00
2025-06-09 18:51:19 - INFO - line: '<4,0,0.88,3.60,15.00,0.50,-0.75>'
2025-06-09 18:51:20 - INFO - line: '<66,0,0.88,3.50,0.00,0.00,-0.74>'
2025-06-09 18:51:20 - INFO - line: '<56,0,0.88,3.60,0.00,0.00,-0.78>'
2025-06-09 18:51:21 - INFO - line: '<52,0,0.88,3.53,0.00,0.00,-0.75>'
2025-06-09 18:51:21 - INFO - line: '<50,0,0.88,3.60,0.00,0.00,-0.78>'
2025-06-09 18:51:21 - INFO - sendingU; 15.00
2025-06-09 18:51:22 - INFO - line: '<50,0,0.88,3.57,0.00,0.00,-0.76>'
2025-06-09 18:51:22 - INFO - sendingU; 30.00
2025-06-09 18:51:22 - INFO - line: '<2,0,0.88,3.72,15.00,0.50,-0.78>'
2025-06-09 18:51:23 - INFO - line: '<4,0,0.88,3.63,30.00,0.90,-0.74>'
2025-06-09 18:51:23 - INFO - line: '<4,0,0.88,3.72,30.00,0.90,-0.78>'
2025-06-09 18:51:24 - INFO - line: '<4,0,0.88,3.63,30.00,0.90,-0.74>'
2025-06-09 18:51:24 - INFO - line: '<4,0,0.88,3.69,30.00,0.90,-0.78>'
2025-06-09 18:51:25 - INFO - line: '<4,0,0.88,3.60,30.00,0.90,-0.75>'
2025-06-09 18:51:25 - INFO - line: '<4,0,0.88,3.72,30.00,0.90,-0.78>'
2025-06-09 18:51:26 - INFO - line: '<4,0,0.88,3.72,30.00,0.90,-0.78>'
2025-06-09 18:51:26 - INFO - sendingN:4
2025-06-09 18:51:26 - INFO - sendingN:6
2025-06-09 18:51:26 - INFO - sendingN:8
2025-06-09 18:51:26 - INFO - sendingN:10
2025-06-09 18:51:26 - INFO - sendingN:12
2025-06-09 18:51:26 - INFO - sendingN:16
2025-06-09 18:51:26 - INFO - sendingN:18
2025-06-09 18:51:26 - INFO - sendingN:21
2025-06-09 18:51:26 - INFO - line: '<4,0,0.88,3.60,30.00,0.90,-0.75>'
2025-06-09 18:51:26 - INFO - sendingN:23
2025-06-09 18:51:26 - INFO - sendingN:27
2025-06-09 18:51:26 - INFO - sendingN:29
2025-06-09 18:51:26 - INFO - sendingN:35
2025-06-09 18:51:26 - INFO - sendingN:37
2025-06-09 18:51:26 - INFO - sendingN:40
2025-06-09 18:51:27 - INFO - sendingN:42
2025-06-09 18:51:27 - INFO - sendingN:44
2025-06-09 18:51:27 - INFO - sendingN:46
2025-06-09 18:51:27 - INFO - line: '<4,21,0.88,3.69,30.00,0.90,-0.74>'
2025-06-09 18:51:27 - INFO - sendingN:48
2025-06-09 18:51:27 - INFO - sendingN:50
2025-06-09 18:51:27 - INFO - sendingN:52
2025-06-09 18:51:27 - INFO - sendingN:54
2025-06-09 18:51:27 - INFO - line: '<68,46,0.88,3.57,0.00,0.00,-0.75>'
2025-06-09 18:51:27 - INFO - sendingN:56
2025-06-09 18:51:27 - INFO - sendingN:59
2025-06-09 18:51:28 - INFO - sendingN:63
2025-06-09 18:51:28 - INFO - sendingN:65
2025-06-09 18:51:28 - INFO - line: '<59,54,0.88,3.60,0.00,0.00,-0.76>'
2025-06-09 18:51:28 - INFO - sendingN:67
2025-06-09 18:51:28 - INFO - sendingN:69
2025-06-09 18:51:28 - INFO - sendingN:71
2025-06-09 18:51:28 - INFO - line: '<54,65,0.88,3.50,0.00,0.00,-0.75>'
2025-06-09 18:51:28 - INFO - sendingN:73
2025-06-09 18:51:28 - INFO - sendingN:75
2025-06-09 18:51:29 - INFO - line: '<51,71,0.88,3.60,0.00,0.00,-0.78>'
2025-06-09 18:51:29 - INFO - sendingN:78
2025-06-09 18:51:29 - INFO - sendingN:80
2025-06-09 18:51:29 - INFO - sendingN:82
2025-06-09 18:51:29 - INFO - sendingN:84
2025-06-09 18:51:29 - INFO - sendingN:86
2025-06-09 18:51:29 - INFO - line: '<51,75,0.88,3.53,0.00,0.00,-0.75>'
2025-06-09 18:51:29 - INFO - sendingN:88
2025-06-09 18:51:30 - INFO - line: '<54,86,0.88,3.53,0.00,0.00,-0.76>'
2025-06-09 18:51:30 - INFO - line: '<56,88,0.88,3.50,0.00,0.00,-0.74>'
2025-06-09 18:51:31 - INFO - line: '<59,88,0.88,3.60,0.00,0.00,-0.78>'
2025-06-09 18:51:31 - INFO - sendingN:88
2025-06-09 18:51:31 - INFO - sendingN:90
2025-06-09 18:51:31 - INFO - sendingN:92
2025-06-09 18:51:31 - INFO - sendingN:94
2025-06-09 18:51:31 - INFO - sendingN:97
2025-06-09 18:51:31 - INFO - line: '<59,88,0.88,3.60,0.00,0.00,-0.78>'
2025-06-09 18:51:31 - INFO - sendingN:101
2025-06-09 18:51:31 - INFO - sendingN:105
2025-06-09 18:51:31 - INFO - sendingN:107
2025-06-09 18:51:31 - INFO - sendingN:109
2025-06-09 18:51:32 - INFO - sendingN:111
2025-06-09 18:51:32 - INFO - sendingN:113
2025-06-09 18:51:32 - INFO - sendingN:116
2025-06-09 18:51:32 - INFO - sendingN:118
2025-06-09 18:51:32 - INFO - sendingN:130
2025-06-09 18:51:32 - INFO - line: '<61,97,0.88,3.57,0.00,0.00,-0.75>'
2025-06-09 18:51:32 - INFO - sendingN:143
2025-06-09 18:51:32 - INFO - sendingN:151
2025-06-09 18:51:32 - INFO - sendingN:160
2025-06-09 18:51:32 - INFO - sendingN:164
2025-06-09 18:51:32 - INFO - sendingN:166
2025-06-09 18:51:32 - INFO - sendingN:166
2025-06-09 18:51:32 - INFO - sendingN:170
2025-06-09 18:51:32 - INFO - sendingN:179
2025-06-09 18:51:32 - INFO - sendingN:210
2025-06-09 18:51:32 - INFO - sendingN:225
2025-06-09 18:51:32 - INFO - sendingN:238
2025-06-09 18:51:32 - INFO - sendingN:240
2025-06-09 18:51:32 - INFO - sendingN:242
2025-06-09 18:51:32 - INFO - sendingN:246
2025-06-09 18:51:32 - INFO - line: '<63,130,0.88,3.60,0.00,0.00,-0.78>'
2025-06-09 18:51:32 - INFO - sendingN:265
2025-06-09 18:51:32 - INFO - sendingN:267
2025-06-09 18:51:32 - INFO - sendingN:276
2025-06-09 18:51:32 - INFO - sendingN:278
2025-06-09 18:51:32 - INFO - sendingN:280
2025-06-09 18:51:32 - INFO - sendingN:286
2025-06-09 18:51:33 - INFO - sendingN:301
2025-06-09 18:51:33 - INFO - sendingN:322
2025-06-09 18:51:33 - INFO - sendingN:329
2025-06-09 18:51:33 - INFO - line: '<63,2,0.88,3.60,0.00,0.00,-0.76>'
2025-06-09 18:51:33 - INFO - line: '<65,329,0.88,3.57,0.00,0.00,-0.79>'
2025-06-09 18:51:34 - INFO - line: '<67,329,0.88,3.50,0.00,0.00,-0.75>'
2025-06-09 18:51:34 - INFO - line: '<68,329,0.88,3.57,0.00,0.00,-0.78>'
2025-06-09 18:51:35 - INFO - line: '<68,329,0.88,3.47,0.00,0.00,-0.74>'
2025-06-09 18:51:35 - INFO - sendingN:356
2025-06-09 18:51:35 - INFO - sendingN:392
2025-06-09 18:51:35 - INFO - sendingN:400
2025-06-09 18:51:35 - INFO - sendingN:402
2025-06-09 18:51:35 - INFO - line: '<68,329,0.88,3.57,0.00,0.00,-0.76>'
2025-06-09 18:51:35 - INFO - sendingN:470
2025-06-09 18:51:35 - INFO - sendingN:472
2025-06-09 18:51:35 - INFO - sendingN:518
2025-06-09 18:51:35 - INFO - sendingN:521
2025-06-09 18:51:35 - INFO - sendingN:597
2025-06-09 18:51:35 - INFO - sendingN:599
2025-06-09 18:51:35 - INFO - sendingN:658
2025-06-09 18:51:35 - INFO - sendingN:660
2025-06-09 18:51:36 - INFO - sendingN:683
2025-06-09 18:51:36 - INFO - line: '<67,402,0.88,3.60,0.00,0.00,-0.78>'
2025-06-09 18:51:36 - INFO - sendingN:666
2025-06-09 18:51:36 - INFO - sendingN:622
2025-06-09 18:51:36 - INFO - sendingN:597
2025-06-09 18:51:36 - INFO - sendingN:594
2025-06-09 18:51:36 - INFO - sendingN:592
2025-06-09 18:51:36 - INFO - sendingN:590
2025-06-09 18:51:36 - INFO - sendingN:586
2025-06-09 18:51:36 - INFO - sendingN:584
2025-06-09 18:51:36 - INFO - sendingN:578
2025-06-09 18:51:36 - INFO - sendingN:569
2025-06-09 18:51:36 - INFO - sendingN:567
2025-06-09 18:51:36 - INFO - sendingN:542
2025-06-09 18:51:36 - INFO - sendingN:540
2025-06-09 18:51:36 - INFO - sendingN:537
2025-06-09 18:51:36 - INFO - line: '<69,683,0.88,3.60,0.00,0.00,-0.78>'
2025-06-09 18:51:37 - INFO - sendingN:540
2025-06-09 18:51:37 - INFO - sendingN:563
2025-06-09 18:51:37 - INFO - sendingN:565
2025-06-09 18:51:37 - INFO - sendingN:567
2025-06-09 18:51:37 - INFO - sendingN:575
2025-06-09 18:51:37 - INFO - sendingN:590
2025-06-09 18:51:37 - INFO - sendingN:594
2025-06-09 18:51:37 - INFO - sendingN:597
2025-06-09 18:51:37 - INFO - sendingN:599
2025-06-09 18:51:37 - INFO - sendingN:603
2025-06-09 18:51:37 - INFO - sendingN:605
2025-06-09 18:51:37 - INFO - sendingN:609
2025-06-09 18:51:37 - INFO - sendingN:647
2025-06-09 18:51:37 - INFO - sendingN:645
2025-06-09 18:51:37 - INFO - sendingN:632
2025-06-09 18:51:37 - INFO - sendingN:630
2025-06-09 18:51:37 - INFO - sendingN:628
2025-06-09 18:51:37 - INFO - line: '<69,5,0.88,3.57,0.00,0.00,-0.76>'
2025-06-09 18:51:37 - INFO - sendingN:478
2025-06-09 18:51:37 - INFO - sendingN:434
2025-06-09 18:51:37 - INFO - sendingN:415
2025-06-09 18:51:37 - INFO - sendingN:413
2025-06-09 18:51:37 - INFO - sendingN:394
2025-06-09 18:51:37 - INFO - sendingN:369
2025-06-09 18:51:37 - INFO - sendingN:367
2025-06-09 18:51:37 - INFO - sendingN:341
2025-06-09 18:51:38 - INFO - sendingN:295
2025-06-09 18:51:38 - INFO - sendingN:284
2025-06-09 18:51:38 - INFO - sendingN:278
2025-06-09 18:51:38 - INFO - line: '<70,6,0.88,3.50,0.00,0.00,-0.74>'
2025-06-09 18:51:38 - INFO - line: '<71,278,0.88,3.53,0.00,0.00,-0.76>'
2025-06-09 18:51:39 - INFO - sendingN:284
2025-06-09 18:51:39 - INFO - sendingN:314
2025-06-09 18:51:39 - INFO - sendingN:316
2025-06-09 18:51:39 - INFO - sendingN:373
2025-06-09 18:51:39 - INFO - sendingN:386
2025-06-09 18:51:39 - INFO - sendingN:398
2025-06-09 18:51:39 - INFO - sendingN:400
2025-06-09 18:51:39 - INFO - sendingN:405
2025-06-09 18:51:39 - INFO - line: '<70,278,0.88,3.57,0.00,0.00,-0.76>'
2025-06-09 18:51:39 - INFO - sendingN:432
2025-06-09 18:51:39 - INFO - sendingN:443
2025-06-09 18:51:39 - INFO - sendingN:445
2025-06-09 18:51:39 - INFO - line: '<70,405,0.88,3.53,0.00,0.00,-0.75>'
2025-06-09 18:51:40 - INFO - line: '<71,445,0.88,3.57,0.00,0.00,-0.74>'
2025-06-09 18:51:40 - INFO - sendingN:440
2025-06-09 18:51:40 - INFO - sendingN:438
2025-06-09 18:51:40 - INFO - sendingN:436
2025-06-09 18:51:40 - INFO - sendingN:434
2025-06-09 18:51:40 - INFO - sendingN:432
2025-06-09 18:51:40 - INFO - sendingN:430
2025-06-09 18:51:40 - INFO - sendingN:426
2025-06-09 18:51:40 - INFO - sendingN:419
2025-06-09 18:51:40 - INFO - sendingN:407
2025-06-09 18:51:40 - INFO - sendingN:390
2025-06-09 18:51:40 - INFO - sendingN:388
2025-06-09 18:51:40 - INFO - sendingN:379
2025-06-09 18:51:40 - INFO - line: '<71,445,0.88,3.50,0.00,0.00,-0.74>'
2025-06-09 18:51:40 - INFO - sendingN:375
2025-06-09 18:51:41 - INFO - sendingN:373
2025-06-09 18:51:41 - INFO - sendingN:371
2025-06-09 18:51:41 - INFO - sendingN:369
2025-06-09 18:51:41 - INFO - sendingN:367
2025-06-09 18:51:41 - INFO - sendingN:367
2025-06-09 18:51:41 - INFO - sendingN:364
2025-06-09 18:51:41 - INFO - line: '<70,3,0.88,3.57,0.00,0.00,-0.76>'
2025-06-09 18:51:41 - INFO - sendingN:394
2025-06-09 18:51:41 - INFO - sendingN:453
2025-06-09 18:51:41 - INFO - sendingN:489
2025-06-09 18:51:41 - INFO - sendingN:510
2025-06-09 18:51:41 - INFO - sendingN:529
2025-06-09 18:51:41 - INFO - sendingN:552
2025-06-09 18:51:41 - INFO - sendingN:561
2025-06-09 18:51:41 - INFO - sendingN:563
2025-06-09 18:51:41 - INFO - sendingN:670
2025-06-09 18:51:41 - INFO - sendingN:689
2025-06-09 18:51:41 - INFO - sendingN:717
2025-06-09 18:51:41 - INFO - sendingN:719
2025-06-09 18:51:41 - INFO - sendingN:770
2025-06-09 18:51:41 - INFO - sendingN:793
2025-06-09 18:51:41 - INFO - line: '<70,364,0.88,3.50,0.00,0.00,-0.74>'
2025-06-09 18:51:42 - INFO - sendingN:812
2025-06-09 18:51:42 - INFO - sendingN:814
2025-06-09 18:51:42 - INFO - sendingN:852
2025-06-09 18:51:42 - INFO - line: '<70,7,0.88,3.57,0.00,0.00,-0.75>'
2025-06-09 18:51:43 - INFO - line: '<71,852,0.88,3.60,0.00,0.00,-0.78>'
2025-06-09 18:51:43 - INFO - sendingN:856
2025-06-09 18:51:43 - INFO - sendingN:858
2025-06-09 18:51:43 - INFO - sendingN:860
2025-06-09 18:51:43 - INFO - sendingN:873
2025-06-09 18:51:43 - INFO - sendingN:886
2025-06-09 18:51:43 - INFO - sendingN:898
2025-06-09 18:51:43 - INFO - sendingN:900
2025-06-09 18:51:43 - INFO - sendingN:907
2025-06-09 18:51:43 - INFO - sendingN:909
2025-06-09 18:51:43 - INFO - line: '<71,852,0.88,3.50,0.00,0.00,-0.75>'
2025-06-09 18:51:44 - INFO - line: '<70,909,0.88,3.57,0.00,0.00,-0.76>'
2025-06-09 18:51:44 - INFO - line: '<70,909,0.88,3.50,0.00,0.00,-0.74>'
2025-06-09 18:51:45 - INFO - line: '<68,909,0.88,3.57,0.00,0.00,-0.74>'
2025-06-09 18:51:45 - INFO - line: '<70,909,0.88,3.57,0.00,0.00,-0.74>'
2025-06-09 18:51:46 - INFO - line: '<71,909,0.88,3.57,0.00,0.00,-0.78>'
2025-06-09 18:51:46 - INFO - line: '<70,909,0.88,3.50,0.00,0.00,-0.74>'
2025-06-09 18:51:47 - INFO - line: '<71,909,0.88,3.60,0.00,0.00,-0.78>'
2025-06-09 18:51:47 - INFO - sendingKp:23.0
2025-06-09 18:51:47 - INFO - line: '<71,909,0.88,3.60,0.00,0.00,-0.76>'
2025-06-09 18:51:48 - INFO - line: '<70,909,0.88,3.50,0.00,0.00,-0.75>'
2025-06-09 18:51:48 - INFO - line: '<69,909,0.88,3.57,0.00,0.00,-0.78>'
2025-06-09 18:51:49 - INFO - line: '<69,909,0.88,3.60,0.00,0.00,-0.78>'
2025-06-09 18:51:49 - INFO - line: '<69,909,0.88,3.60,0.00,0.00,-0.76>'
2025-06-09 18:51:49 - INFO - sendingKi:123.0
2025-06-09 18:51:50 - INFO - line: '<70,909,0.88,3.60,0.00,0.00,-0.78>'
2025-06-09 18:51:50 - INFO - line: '<70,909,0.88,3.60,0.00,0.00,-0.76>'
2025-06-09 18:51:50 - INFO - sendingN:896
2025-06-09 18:51:50 - INFO - sendingN:894
2025-06-09 18:51:50 - INFO - sendingN:892
2025-06-09 18:51:50 - INFO - sendingN:854
2025-06-09 18:51:50 - INFO - sendingN:814
2025-06-09 18:51:50 - INFO - sendingN:784
2025-06-09 18:51:50 - INFO - sendingN:782
2025-06-09 18:51:50 - INFO - sendingN:770
2025-06-09 18:51:50 - INFO - sendingN:759
2025-06-09 18:51:51 - INFO - line: '<70,909,0.88,3.57,0.00,0.00,-0.78>'
2025-06-09 18:51:51 - INFO - line: '<70,759,0.88,3.47,0.00,0.00,-0.74>'
2025-06-09 18:51:51 - INFO - sendingN:748
2025-06-09 18:51:51 - INFO - sendingN:742
2025-06-09 18:51:51 - INFO - sendingN:740
2025-06-09 18:51:52 - INFO - sendingN:700
2025-06-09 18:51:52 - INFO - line: '<70,759,0.88,3.47,0.00,0.00,-0.76>'
2025-06-09 18:51:52 - INFO - sendingN:679
2025-06-09 18:51:52 - INFO - sendingN:672
2025-06-09 18:51:52 - INFO - sendingN:658
2025-06-09 18:51:52 - INFO - sendingN:639
2025-06-09 18:51:52 - INFO - sendingN:618
2025-06-09 18:51:52 - INFO - sendingN:616
2025-06-09 18:51:52 - INFO - sendingN:592
2025-06-09 18:51:52 - INFO - sendingN:575
2025-06-09 18:51:52 - INFO - sendingN:571
2025-06-09 18:51:52 - INFO - line: '<70,700,0.88,3.53,0.00,0.00,-0.78>'
2025-06-09 18:51:53 - INFO - line: '<70,571,0.88,3.57,0.00,0.00,-0.74>'
2025-06-09 18:51:53 - INFO - sendingN:548
2025-06-09 18:51:53 - INFO - line: '<70,571,0.88,3.60,0.00,0.00,-0.78>'
2025-06-09 18:51:53 - INFO - sendingN:514
2025-06-09 18:51:53 - INFO - sendingN:470
2025-06-09 18:51:53 - INFO - sendingN:436
2025-06-09 18:51:53 - INFO - sendingN:396
2025-06-09 18:51:53 - INFO - sendingN:394
2025-06-09 18:51:53 - INFO - sendingN:392
2025-06-09 18:51:53 - INFO - sendingN:348
2025-06-09 18:51:54 - INFO - line: '<70,548,0.88,3.60,0.00,0.00,-0.78>'
2025-06-09 18:51:54 - INFO - line: '<69,348,0.88,3.57,0.00,0.00,-0.76>'
2025-06-09 18:51:55 - INFO - line: '<67,348,0.88,3.57,0.00,0.00,-0.76>'
2025-06-09 18:51:55 - INFO - line: '<70,348,0.88,3.60,0.00,0.00,-0.76>'
